[2025-04-07 19:44:04,862] INFO [ControllerEventThread controllerId=0] Starting (kafka.controller.ControllerEventManager$ControllerEventThread)
[2025-04-07 19:44:04,925] INFO [Controller id=0] 0 successfully elected as the controller. Epoch incremented to 1 and epoch zk version is now 1 (kafka.controller.KafkaController)
[2025-04-07 19:44:04,931] INFO [Controller id=0] Creating FeatureZNode at path: /feature with contents: FeatureZNode(2,Enabled,Map()) (kafka.controller.KafkaController)
[2025-04-07 19:44:04,981] INFO [Controller id=0] Registering handlers (kafka.controller.KafkaController)
[2025-04-07 19:44:04,986] INFO [Controller id=0] Deleting log dir event notifications (kafka.controller.KafkaController)
[2025-04-07 19:44:04,990] INFO [Controller id=0] Deleting isr change notifications (kafka.controller.KafkaController)
[2025-04-07 19:44:04,993] INFO [Controller id=0] Initializing controller context (kafka.controller.KafkaController)
[2025-04-07 19:44:05,015] INFO [Controller id=0] Initialized broker epochs cache: HashMap(0 -> 25) (kafka.controller.KafkaController)
[2025-04-07 19:44:05,024] DEBUG [Controller id=0] Register BrokerModifications handler for Set(0) (kafka.controller.KafkaController)
[2025-04-07 19:44:05,032] DEBUG [Channel manager on controller 0]: Controller 0 trying to connect to broker 0 (kafka.controller.ControllerChannelManager)
[2025-04-07 19:44:05,038] INFO [RequestSendThread controllerId=0] Starting (kafka.controller.RequestSendThread)
[2025-04-07 19:44:05,040] INFO [Controller id=0] Currently active brokers in the cluster: Set(0) (kafka.controller.KafkaController)
[2025-04-07 19:44:05,041] INFO [Controller id=0] Currently shutting brokers in the cluster: HashSet() (kafka.controller.KafkaController)
[2025-04-07 19:44:05,041] INFO [Controller id=0] Current list of topics in the cluster: HashSet() (kafka.controller.KafkaController)
[2025-04-07 19:44:05,041] INFO [Controller id=0] Fetching topic deletions in progress (kafka.controller.KafkaController)
[2025-04-07 19:44:05,045] INFO [Controller id=0] List of topics to be deleted:  (kafka.controller.KafkaController)
[2025-04-07 19:44:05,045] INFO [Controller id=0] List of topics ineligible for deletion:  (kafka.controller.KafkaController)
[2025-04-07 19:44:05,045] INFO [Controller id=0] Initializing topic deletion manager (kafka.controller.KafkaController)
[2025-04-07 19:44:05,046] INFO [Topic Deletion Manager 0] Initializing manager with initial deletions: Set(), initial ineligible deletions: HashSet() (kafka.controller.TopicDeletionManager)
[2025-04-07 19:44:05,046] INFO [Controller id=0] Sending update metadata request (kafka.controller.KafkaController)
[2025-04-07 19:44:05,062] INFO [ReplicaStateMachine controllerId=0] Initializing replica state (kafka.controller.ZkReplicaStateMachine)
[2025-04-07 19:44:05,064] INFO [ReplicaStateMachine controllerId=0] Triggering online replica state changes (kafka.controller.ZkReplicaStateMachine)
[2025-04-07 19:44:05,073] INFO [ReplicaStateMachine controllerId=0] Triggering offline replica state changes (kafka.controller.ZkReplicaStateMachine)
[2025-04-07 19:44:05,074] DEBUG [ReplicaStateMachine controllerId=0] Started replica state machine with initial state -> HashMap() (kafka.controller.ZkReplicaStateMachine)
[2025-04-07 19:44:05,075] INFO [PartitionStateMachine controllerId=0] Initializing partition state (kafka.controller.ZkPartitionStateMachine)
[2025-04-07 19:44:05,076] INFO [PartitionStateMachine controllerId=0] Triggering online partition state changes (kafka.controller.ZkPartitionStateMachine)
[2025-04-07 19:44:05,083] DEBUG [PartitionStateMachine controllerId=0] Started partition state machine with initial state -> HashMap() (kafka.controller.ZkPartitionStateMachine)
[2025-04-07 19:44:05,084] INFO [Controller id=0] Ready to serve as the new controller with epoch 1 (kafka.controller.KafkaController)
[2025-04-07 19:44:05,086] WARN [RequestSendThread controllerId=0] Controller 0's connection to broker localhost:9092 (id: 0 rack: null) was unsuccessful (kafka.controller.RequestSendThread)
java.io.IOException: Connection to localhost:9092 (id: 0 rack: null) failed.
	at org.apache.kafka.clients.NetworkClientUtils.awaitReady(NetworkClientUtils.java:71)
	at kafka.controller.RequestSendThread.brokerReady(ControllerChannelManager.scala:298)
	at kafka.controller.RequestSendThread.doWork(ControllerChannelManager.scala:251)
	at org.apache.kafka.server.util.ShutdownableThread.run(ShutdownableThread.java:131)
[2025-04-07 19:44:05,094] INFO [Controller id=0] Partitions undergoing preferred replica election:  (kafka.controller.KafkaController)
[2025-04-07 19:44:05,094] INFO [Controller id=0] Partitions that completed preferred replica election:  (kafka.controller.KafkaController)
[2025-04-07 19:44:05,095] INFO [Controller id=0] Skipping preferred replica election for partitions due to topic deletion:  (kafka.controller.KafkaController)
[2025-04-07 19:44:05,095] INFO [Controller id=0] Resuming preferred replica election for partitions:  (kafka.controller.KafkaController)
[2025-04-07 19:44:05,097] INFO [Controller id=0] Starting replica leader election (PREFERRED) for partitions  triggered by ZkTriggered (kafka.controller.KafkaController)
[2025-04-07 19:44:05,119] INFO [Controller id=0] Starting the controller scheduler (kafka.controller.KafkaController)
[2025-04-07 19:44:05,193] INFO [RequestSendThread controllerId=0] Controller 0 connected to localhost:9092 (id: 0 rack: null) for sending state change requests (kafka.controller.RequestSendThread)
[2025-04-07 19:44:10,121] INFO [Controller id=0] Processing automatic preferred replica leader election (kafka.controller.KafkaController)
[2025-04-07 19:44:10,121] TRACE [Controller id=0] Checking need to trigger auto leader balancing (kafka.controller.KafkaController)
[2025-04-07 19:46:47,542] INFO [Controller id=0] New topics: [Set(iot_raw_data)], deleted topics: [HashSet()], new partition replica assignment [Set(TopicIdReplicaAssignment(iot_raw_data,Some(pKsX8i6tTx2RJ3P50QW6yA),Map(iot_raw_data-0 -> ReplicaAssignment(replicas=0, addingReplicas=, removingReplicas=))))] (kafka.controller.KafkaController)
[2025-04-07 19:46:47,543] INFO [Controller id=0] New partition creation callback for iot_raw_data-0 (kafka.controller.KafkaController)
[2025-04-07 19:49:10,123] INFO [Controller id=0] Processing automatic preferred replica leader election (kafka.controller.KafkaController)
[2025-04-07 19:49:10,124] TRACE [Controller id=0] Checking need to trigger auto leader balancing (kafka.controller.KafkaController)
[2025-04-07 19:49:10,126] DEBUG [Controller id=0] Topics not in preferred replica for broker 0 Map() (kafka.controller.KafkaController)
[2025-04-07 19:49:10,128] TRACE [Controller id=0] Leader imbalance ratio for broker 0 is 0.0 (kafka.controller.KafkaController)
